2024-05-21T03:52:51.922Z [32minfo[39m: MongoDB connected
2024-05-21T03:52:51.926Z [32minfo[39m: Server running on port 5001
2024-05-21T03:54:00.293Z [32minfo[39m: New client connected: w5ouJ1s510WotaZxAAAB
2024-05-21T03:55:31.358Z [32minfo[39m: New client connected: vKAvqLnN8_06GrWiAAAD
2024-05-21T03:56:26.589Z [32minfo[39m: Client disconnected: vKAvqLnN8_06GrWiAAAD
2024-05-21T03:56:26.599Z [32minfo[39m: New client connected: zFlqqDQSBmLfsy_AAAAF
2024-05-21T03:56:26.600Z [32minfo[39m: Client disconnected: w5ouJ1s510WotaZxAAAB
2024-05-21T03:56:26.625Z [32minfo[39m: New client connected: ObvBVXe9CgcWzWySAAAH
2024-05-21T03:56:43.021Z [32minfo[39m: Client disconnected: zFlqqDQSBmLfsy_AAAAF
2024-05-21T03:56:43.026Z [32minfo[39m: New client connected: RZ6sS6LVifSIDekeAAAJ
2024-05-21T03:56:43.285Z [32minfo[39m: Client disconnected: ObvBVXe9CgcWzWySAAAH
2024-05-21T03:56:43.318Z [32minfo[39m: New client connected: hr6swvOCCLv_UF-dAAAL
2024-05-21T03:57:10.103Z [32minfo[39m: Client disconnected: RZ6sS6LVifSIDekeAAAJ
2024-05-21T03:57:10.113Z [32minfo[39m: New client connected: EZUk9c02KtN-bbThAAAN
2024-05-21T03:57:10.209Z [32minfo[39m: Client disconnected: hr6swvOCCLv_UF-dAAAL
2024-05-21T03:57:10.277Z [32minfo[39m: New client connected: Ge0gfepGsUrA8dAIAAAP
2024-05-21T03:57:38.060Z [32minfo[39m: Client disconnected: EZUk9c02KtN-bbThAAAN
2024-05-21T03:57:38.086Z [32minfo[39m: Client disconnected: Ge0gfepGsUrA8dAIAAAP
2024-05-21T03:58:24.843Z [32minfo[39m: New client connected: j6ttTg74r-VwGyYbAAAU
2024-05-21T03:58:24.902Z [32minfo[39m: New client connected: _4V_mIWwf4nSD6fIAAAW
2024-05-21T03:58:35.437Z [32minfo[39m: Client disconnected: j6ttTg74r-VwGyYbAAAU
2024-05-21T04:00:11.609Z [32minfo[39m: SIGTERM signal received: closing HTTP server
2024-05-21T04:00:11.661Z [32minfo[39m: SIGTERM signal received: closing HTTP server
2024-05-21T04:00:11.706Z [32minfo[39m: SIGTERM signal received: closing HTTP server
2024-05-21T04:00:16.314Z [32minfo[39m: SIGTERM signal received: closing HTTP server
2024-05-21T04:00:28.007Z [32minfo[39m: MongoDB Quack connected
2024-05-21T04:00:28.010Z [32minfo[39m: Server running on port 5001
2024-05-21T04:02:16.723Z [32minfo[39m: SIGTERM signal received: closing HTTP server
2024-05-21T04:02:16.724Z [32minfo[39m: HTTP server closed
2024-05-21T04:02:16.725Z [32minfo[39m: WebSocket server closed
2024-05-21T04:02:26.267Z [32minfo[39m: MongoDB Quack connected
2024-05-21T04:02:26.271Z [32minfo[39m: Quack server running on port 5001
2024-05-21T04:03:18.674Z [32minfo[39m: Client disconnected: _4V_mIWwf4nSD6fIAAAW
2024-05-21T04:03:18.688Z [32minfo[39m: HTTP server closed
2024-05-21T04:03:18.715Z [32minfo[39m: New client connected: fhuaMTfxs0u9A_3IAAAB
2024-05-21T04:03:18.690Z [32minfo[39m: HTTP server closed
2024-05-21T04:03:18.690Z [32minfo[39m: HTTP server closed
2024-05-21T04:03:18.690Z [32minfo[39m: HTTP server closed
2024-05-21T04:03:18.690Z [32minfo[39m: WebSocket server closed
2024-05-21T04:03:18.694Z [32minfo[39m: WebSocket server closed
2024-05-21T04:03:18.694Z [32minfo[39m: WebSocket server closed
2024-05-21T04:03:18.694Z [32minfo[39m: WebSocket server closed
2024-05-21T04:04:21.717Z [32minfo[39m: SIGTERM signal received: closing HTTP server for realz
2024-05-21T04:04:21.759Z [32minfo[39m: SIGTERM signal received: closing HTTP server for realz
2024-05-21T04:04:21.802Z [32minfo[39m: SIGTERM signal received: closing HTTP server for realz
2024-05-21T04:04:38.749Z [32minfo[39m: MongoDB Quack connected
2024-05-21T04:04:38.752Z [32minfo[39m: Quack server running on port 5001
2024-05-21T04:04:52.075Z [32minfo[39m: Client disconnected for realz: fhuaMTfxs0u9A_3IAAAB
2024-05-21T04:04:52.075Z [32minfo[39m: HTTP server closed son
2024-05-21T04:04:52.075Z [32minfo[39m: HTTP server closed son
2024-05-21T04:04:52.076Z [32minfo[39m: HTTP server closed son
2024-05-21T04:04:52.076Z [32minfo[39m: WebSocket server closed son
2024-05-21T04:04:52.077Z [32minfo[39m: WebSocket server closed son
2024-05-21T04:04:52.077Z [32minfo[39m: WebSocket server closed son
2024-05-21T04:05:07.054Z [32minfo[39m: SIGTERM signal received: closing HTTP server for realz
2024-05-21T04:05:07.055Z [32minfo[39m: HTTP server closed son
2024-05-21T04:05:07.056Z [32minfo[39m: WebSocket server closed son
2024-05-21T04:05:14.079Z [32minfo[39m: MongoDB Quack connected
2024-05-21T04:05:14.082Z [32minfo[39m: Quack server running on port 5001
2024-05-21T04:05:21.515Z [32minfo[39m: New client connected: TOlimabQ-aAMhnBkAAAB
2024-05-21T04:05:45.042Z [32minfo[39m: Client disconnected for realz: TOlimabQ-aAMhnBkAAAB
2024-05-21T04:05:45.086Z [32minfo[39m: New client connected: Yy38bOln-3wu8IM4AAAD
2024-05-21T04:06:16.570Z [32minfo[39m: Client disconnected for realz: Yy38bOln-3wu8IM4AAAD
2024-05-21T04:06:16.659Z [32minfo[39m: New client connected: oLLwcX3s8J68d8P7AAAF
2024-05-21T04:06:46.944Z [32minfo[39m: Client disconnected for realz: oLLwcX3s8J68d8P7AAAF
2024-05-21T04:06:46.972Z [32minfo[39m: New client connected: ZM_BCMJIg0XF5X0GAAAH
2024-05-21T04:24:07.117Z [32minfo[39m: Client disconnected for realz: ZM_BCMJIg0XF5X0GAAAH
2024-05-21T21:00:32.896Z [32minfo[39m: MongoDB Quack connected
2024-05-21T21:00:32.899Z [32minfo[39m: Quack server running on port 5001
2024-05-21T21:01:01.322Z [32minfo[39m: New client connected: DXXOhQTMlZt1aa7XAAAB
2024-05-21T21:02:27.443Z [32minfo[39m: Client disconnected for realz: DXXOhQTMlZt1aa7XAAAB
2024-05-21T21:02:27.489Z [32minfo[39m: New client connected: GFHvx1vKgWdNIJnhAAAD
2024-05-21T21:03:45.613Z [32minfo[39m: Client disconnected for realz: GFHvx1vKgWdNIJnhAAAD
2024-05-21T21:03:45.650Z [32minfo[39m: New client connected: NzxeKK5uE6BCfDqUAAAF
2024-05-21T21:04:05.902Z [32minfo[39m: SIGTERM signal received: closing HTTP server for realz
2024-05-21T21:04:05.957Z [32minfo[39m: SIGTERM signal received: closing HTTP server for realz
2024-05-21T21:04:06.004Z [32minfo[39m: SIGTERM signal received: closing HTTP server for realz
2024-05-21T21:04:08.690Z [32minfo[39m: SIGTERM signal received: closing HTTP server for realz
2024-05-21T21:04:15.170Z [32minfo[39m: MongoDB Quack connected
2024-05-21T21:04:15.173Z [32minfo[39m: Quack server running on port 5001
2024-05-21T21:04:45.147Z [32minfo[39m: Client disconnected for realz: NzxeKK5uE6BCfDqUAAAF
2024-05-21T21:04:45.147Z [32minfo[39m: HTTP server closed son
2024-05-21T21:04:45.148Z [32minfo[39m: HTTP server closed son
2024-05-21T21:04:45.149Z [32minfo[39m: HTTP server closed son
2024-05-21T21:04:45.149Z [32minfo[39m: HTTP server closed son
2024-05-21T21:04:45.149Z [32minfo[39m: WebSocket server closed son
2024-05-21T21:04:45.149Z [32minfo[39m: WebSocket server closed son
2024-05-21T21:04:45.150Z [32minfo[39m: WebSocket server closed son
2024-05-21T21:04:45.150Z [32minfo[39m: WebSocket server closed son
2024-05-21T21:05:05.213Z [32minfo[39m: New client connected: ABlnXy_nySkjzsm_AAAB
2024-05-21T21:05:34.588Z [32minfo[39m: Client disconnected for realz: ABlnXy_nySkjzsm_AAAB
2024-05-21T21:06:14.324Z [32minfo[39m: New client connected: gkx0BnrZyO_95bi2AAAD
2024-05-21T21:07:08.917Z [32minfo[39m: Client disconnected for realz: gkx0BnrZyO_95bi2AAAD
2024-05-21T21:08:08.746Z [32minfo[39m: New client connected: wmopWjVywJ03k9e9AAAF
2024-05-21T21:08:20.274Z [32minfo[39m: Client disconnected for realz: wmopWjVywJ03k9e9AAAF
2024-05-21T21:09:28.420Z [32minfo[39m: New client connected: xIfWN0R49X5IS5bnAAAH
2024-05-21T21:10:14.414Z [32minfo[39m: MongoDB Quack connected
2024-05-21T21:10:14.418Z [32minfo[39m: Quack server running on port 5001
2024-05-21T21:10:33.970Z [32minfo[39m: New client connected: hAt5QSb-fUHJTET-AAAB
2024-05-21T21:11:08.952Z [32minfo[39m: Client disconnected for realz: hAt5QSb-fUHJTET-AAAB
2024-05-21T21:11:29.975Z [32minfo[39m: New client connected: Jb95aSwRHr29pj3rAAAD
2024-05-21T21:14:33.953Z [32minfo[39m: Client disconnected for realz: Jb95aSwRHr29pj3rAAAD
2024-05-21T21:15:48.943Z [32minfo[39m: New client connected: JONkL1y4gw4KxSMcAAAF
2024-05-21T21:16:22.997Z [32minfo[39m: Client disconnected for realz: JONkL1y4gw4KxSMcAAAF
2024-05-21T21:16:29.792Z [32minfo[39m: SIGTERM signal received: closing HTTP server for realz
2024-05-21T21:16:29.795Z [32minfo[39m: HTTP server closed son
2024-05-21T21:16:29.797Z [32minfo[39m: WebSocket server closed son
2024-05-21T21:18:16.831Z [32minfo[39m: MongoDB Quack connected
2024-05-21T21:18:16.835Z [32minfo[39m: Quack server running on port 5001
2024-05-21T21:19:34.096Z [32minfo[39m: SIGTERM signal received: closing HTTP server for realz
2024-05-21T21:19:34.097Z [32minfo[39m: HTTP server closed son
2024-05-21T21:19:34.098Z [32minfo[39m: WebSocket server closed son
2024-05-21T21:19:40.049Z [32minfo[39m: MongoDB Quack connected
2024-05-21T21:19:40.053Z [32minfo[39m: Quack server running on port 5001
2024-05-21T21:21:24.925Z [32minfo[39m: MongoDB Quack connected
2024-05-21T21:21:24.928Z [32minfo[39m: Quack server running on port 5001
2024-05-21T21:28:15.088Z [32minfo[39m: MongoDB Quack connected
2024-05-21T21:28:15.092Z [32minfo[39m: Quack server running on port 5001
2024-05-21T21:30:42.725Z [32minfo[39m: MongoDB Quack connected
2024-05-21T21:30:42.729Z [32minfo[39m: Quack server running on port 5001
2024-05-21T21:34:37.463Z [32minfo[39m: SIGTERM signal received: closing HTTP server for realz
2024-05-21T21:34:37.464Z [32minfo[39m: HTTP server closed son
2024-05-21T21:34:37.465Z [32minfo[39m: WebSocket server closed son
2024-05-21T21:34:56.526Z [32minfo[39m: MongoDB Quack connected
2024-05-21T21:34:56.529Z [32minfo[39m: Quack server running on port 5001
2024-05-21T21:37:23.568Z [32minfo[39m: SIGTERM signal received: closing HTTP server for realz
2024-05-21T21:37:23.568Z [32minfo[39m: HTTP server closed son
2024-05-21T21:37:23.569Z [32minfo[39m: WebSocket server closed son
2024-05-21T21:37:55.985Z [32minfo[39m: MongoDB Quack connected
2024-05-21T21:37:55.988Z [32minfo[39m: Quack server running on port 5001
2024-05-21T21:42:37.506Z [32minfo[39m: MongoDB Quack connected
2024-05-21T21:42:37.509Z [32minfo[39m: Quack server running on port 5001
2024-05-21T21:56:40.628Z [32minfo[39m: New client connected: kvoRC55l2fD8dn6PAAAB
2024-05-21T22:01:54.208Z [32minfo[39m: MongoDB Quack connected
2024-05-21T22:01:54.212Z [32minfo[39m: Quack server running on port 5001
2024-05-21T22:02:29.460Z [32minfo[39m: New client connected: zqDA7kQfeoAcv8ftAAAB
2024-05-21T22:03:39.710Z [32minfo[39m: Client disconnected for realz: zqDA7kQfeoAcv8ftAAAB
2024-05-21T22:04:30.943Z [32minfo[39m: New client connected: C38c5UsdOPH-UMuqAAAD
2024-05-21T22:04:41.360Z [32minfo[39m: Client disconnected for realz: C38c5UsdOPH-UMuqAAAD
2024-05-21T22:04:41.393Z [32minfo[39m: New client connected: G0CzLiEWFAMDYfIuAAAF
2024-05-21T22:05:07.080Z [32minfo[39m: Client disconnected for realz: G0CzLiEWFAMDYfIuAAAF
2024-05-21T22:05:26.391Z [32minfo[39m: New client connected: EygPnKhPTOnkw8pCAAAH
2024-05-21T22:05:49.468Z [32minfo[39m: Client disconnected for realz: EygPnKhPTOnkw8pCAAAH
2024-05-21T22:05:49.498Z [32minfo[39m: New client connected: bVvLqzsfG3EHEfTZAAAJ
2024-05-21T22:06:20.587Z [32minfo[39m: Client disconnected for realz: bVvLqzsfG3EHEfTZAAAJ
2024-05-21T22:06:20.620Z [32minfo[39m: New client connected: C2-0vq1_3G0PREOBAAAL
2024-05-21T22:07:05.599Z [32minfo[39m: Client disconnected for realz: C2-0vq1_3G0PREOBAAAL
2024-05-22T00:11:27.377Z [32minfo[39m: MongoDB Quack connected
2024-05-22T00:11:27.379Z [32minfo[39m: Quack server running on port 5001
2024-05-22T00:11:40.003Z [32minfo[39m: SIGTERM signal received: closing HTTP server for realz
2024-05-22T00:11:40.006Z [32minfo[39m: HTTP server closed son
2024-05-22T00:11:40.007Z [32minfo[39m: WebSocket server closed son
2024-05-22T00:20:57.614Z [32minfo[39m: MongoDB Quack connected
2024-05-22T00:20:57.616Z [32minfo[39m: Quack server running on port 5001
2024-05-22T00:21:24.094Z [32minfo[39m: New client connected: ysVZ1n-I6GrIBqdeAAAB
2024-05-22T00:22:09.031Z [32minfo[39m: Client disconnected for realz: ysVZ1n-I6GrIBqdeAAAB
2024-05-22T04:57:13.520Z [32minfo[39m: SIGTERM signal received: closing HTTP server for realz
2024-05-22T04:57:13.544Z [32minfo[39m: HTTP server closed son
2024-05-22T04:57:13.588Z [32minfo[39m: WebSocket server closed son
2024-05-22T04:59:11.708Z [32minfo[39m: MongoDB Quack connected
2024-05-22T04:59:11.711Z [32minfo[39m: Quack server running on port 5001
2024-05-22T04:59:13.952Z [32minfo[39m: SIGTERM signal received: closing HTTP server for realz
2024-05-22T04:59:13.953Z [32minfo[39m: HTTP server closed son
2024-05-22T04:59:13.954Z [32minfo[39m: WebSocket server closed son
2024-05-22T05:00:25.319Z [32minfo[39m: MongoDB Quack connected
2024-05-22T05:00:25.321Z [32minfo[39m: Quack server running on port 5001
2024-05-22T05:02:25.090Z [32minfo[39m: SIGTERM signal received: closing HTTP server for realz
2024-05-22T05:02:25.093Z [32minfo[39m: HTTP server closed son
2024-05-22T05:02:25.094Z [32minfo[39m: WebSocket server closed son
2024-05-22T05:02:28.335Z [32minfo[39m: MongoDB Quack connected
2024-05-22T05:02:28.336Z [32minfo[39m: Quack server running on port 5001
2024-05-22T05:05:34.547Z [32minfo[39m: SIGTERM signal received: closing HTTP server for realz
2024-05-22T05:05:34.556Z [32minfo[39m: HTTP server closed son
2024-05-22T05:05:34.557Z [32minfo[39m: WebSocket server closed son
2024-05-22T05:05:38.012Z [32minfo[39m: MongoDB Quack connected
2024-05-22T05:05:38.015Z [32minfo[39m: Quack server running on port 5001
2024-05-22T05:08:45.647Z [32minfo[39m: SIGTERM signal received: closing HTTP server for realz
2024-05-22T05:08:45.670Z [32minfo[39m: HTTP server closed son
2024-05-22T05:08:45.678Z [32minfo[39m: WebSocket server closed son
2024-05-22T05:11:00.048Z [32minfo[39m: MongoDB Quack connected
2024-05-22T05:11:00.052Z [32minfo[39m: Quack server running on port 5001
2024-05-22T05:11:02.135Z [32minfo[39m: SIGTERM signal received: closing HTTP server for realz
2024-05-22T05:11:02.136Z [32minfo[39m: HTTP server closed son
2024-05-22T05:11:02.137Z [32minfo[39m: WebSocket server closed son
2024-05-22T05:11:08.416Z [32minfo[39m: MongoDB Quack connected
2024-05-22T05:11:08.424Z [32minfo[39m: Quack server running on port 5001
2024-05-22T05:13:35.850Z [32minfo[39m: SIGTERM signal received: closing HTTP server for realz
2024-05-22T05:13:35.853Z [32minfo[39m: HTTP server closed son
2024-05-22T05:13:35.855Z [32minfo[39m: WebSocket server closed son
2024-05-22T05:15:43.164Z [32minfo[39m: MongoDB Quack connected
2024-05-22T05:15:43.166Z [32minfo[39m: Quack server running on port 5001
2024-05-22T05:17:21.743Z [32minfo[39m: SIGTERM signal received: closing HTTP server for realz
2024-05-22T05:17:21.750Z [32minfo[39m: HTTP server closed son
2024-05-22T05:17:21.751Z [32minfo[39m: WebSocket server closed son
2024-05-22T05:17:25.102Z [32minfo[39m: MongoDB Quack connected
2024-05-22T05:17:25.104Z [32minfo[39m: Quack server running on port 5001
2024-05-22T05:19:56.721Z [32minfo[39m: SIGTERM signal received: closing HTTP server for realz
2024-05-22T05:19:56.726Z [32minfo[39m: HTTP server closed son
2024-05-22T05:19:56.727Z [32minfo[39m: WebSocket server closed son
2024-05-22T05:20:58.742Z [32minfo[39m: MongoDB Quack connected
2024-05-22T05:20:58.744Z [32minfo[39m: Quack server running on port 5001
2024-05-22T05:36:05.783Z [32minfo[39m: SIGTERM signal received: closing HTTP server for realz
2024-05-22T05:36:05.792Z [32minfo[39m: HTTP server closed son
2024-05-22T05:36:05.796Z [32minfo[39m: WebSocket server closed son
2024-05-22T05:36:09.061Z [32minfo[39m: MongoDB Quack connected
2024-05-22T05:36:09.063Z [32minfo[39m: Quack server running on port 5001
2024-05-22T05:36:12.278Z [32minfo[39m: SIGTERM signal received: closing HTTP server for realz
2024-05-22T05:36:12.279Z [32minfo[39m: HTTP server closed son
2024-05-22T05:36:12.280Z [32minfo[39m: WebSocket server closed son
2024-05-22T05:37:46.147Z [32minfo[39m: MongoDB Quack connected
2024-05-22T05:37:46.151Z [32minfo[39m: Quack server running on port 5001
2024-05-22T05:37:49.436Z [32minfo[39m: SIGTERM signal received: closing HTTP server for realz
2024-05-22T05:37:49.437Z [32minfo[39m: HTTP server closed son
2024-05-22T05:37:49.438Z [32minfo[39m: WebSocket server closed son
2024-05-22T05:39:18.898Z [32minfo[39m: MongoDB Quack connected
2024-05-22T05:39:18.902Z [32minfo[39m: Quack server running on port 5001
2024-05-22T05:40:02.914Z [32minfo[39m: SIGTERM signal received: closing HTTP server for realz
2024-05-22T05:40:02.916Z [32minfo[39m: HTTP server closed son
2024-05-22T05:40:02.917Z [32minfo[39m: WebSocket server closed son
2024-05-22T05:40:06.361Z [32minfo[39m: MongoDB Quack connected
2024-05-22T05:40:06.364Z [32minfo[39m: Quack server running on port 5001
2024-05-22T05:40:42.459Z [31merror[39m: SyntaxError: Unexpected token } in JSON at position 266
    at JSON.parse (<anonymous>)
    at parse (/Users/mattbirnholtz/Quack/node_modules/body-parser/lib/types/json.js:92:19)
    at /Users/mattbirnholtz/Quack/node_modules/body-parser/lib/read.js:128:18
    at AsyncResource.runInAsyncScope (node:async_hooks:203:9)
    at invokeCallback (/Users/mattbirnholtz/Quack/node_modules/raw-body/index.js:238:16)
    at done (/Users/mattbirnholtz/Quack/node_modules/raw-body/index.js:227:7)
    at IncomingMessage.onEnd (/Users/mattbirnholtz/Quack/node_modules/raw-body/index.js:287:7)
    at IncomingMessage.emit (node:events:513:28)
    at IncomingMessage.emit (node:domain:489:12)
    at endReadableNT (node:internal/streams/readable:1359:12)
2024-05-22T05:53:21.885Z [32minfo[39m: SIGTERM signal received: closing HTTP server for realz
2024-05-22T05:53:21.890Z [32minfo[39m: HTTP server closed son
2024-05-22T05:53:21.893Z [32minfo[39m: WebSocket server closed son
2024-05-22T05:53:25.078Z [32minfo[39m: MongoDB Quack connected
2024-05-22T05:53:25.079Z [32minfo[39m: Quack server running on port 5001
2024-05-22T05:58:29.770Z [32minfo[39m: SIGTERM signal received: closing HTTP server for realz
2024-05-22T05:58:29.771Z [32minfo[39m: HTTP server closed son
2024-05-22T05:58:29.772Z [32minfo[39m: WebSocket server closed son
2024-05-22T05:58:33.586Z [32minfo[39m: MongoDB Quack connected
2024-05-22T05:58:33.588Z [32minfo[39m: Quack server running on port 5001
2024-05-22T06:02:41.107Z [32minfo[39m: SIGTERM signal received: closing HTTP server for realz
2024-05-22T06:02:41.109Z [32minfo[39m: HTTP server closed son
2024-05-22T06:02:41.110Z [32minfo[39m: WebSocket server closed son
2024-05-22T06:02:45.120Z [32minfo[39m: MongoDB Quack connected
2024-05-22T06:02:45.124Z [32minfo[39m: Quack server running on port 5001
2024-05-22T06:09:56.474Z [32minfo[39m: SIGTERM signal received: closing HTTP server for realz
2024-05-22T06:09:58.930Z [32minfo[39m: HTTP server closed son
2024-05-22T06:09:58.932Z [32minfo[39m: WebSocket server closed son
2024-05-22T06:10:00.234Z [32minfo[39m: MongoDB Quack connected
2024-05-22T06:10:00.240Z [32minfo[39m: Quack server running on port 5001
2024-05-22T06:17:33.663Z [32minfo[39m: SIGTERM signal received: closing HTTP server for realz
2024-05-22T06:17:33.672Z [32minfo[39m: HTTP server closed son
2024-05-22T06:17:33.678Z [32minfo[39m: WebSocket server closed son
2024-05-22T06:17:37.774Z [32minfo[39m: MongoDB Quack connected
2024-05-22T06:17:37.776Z [32minfo[39m: Quack server running on port 5001
2024-05-22T06:19:30.144Z [32minfo[39m: SIGTERM signal received: closing HTTP server for realz
2024-05-22T06:19:30.145Z [32minfo[39m: HTTP server closed son
2024-05-22T06:19:30.146Z [32minfo[39m: WebSocket server closed son
2024-05-22T06:19:33.990Z [32minfo[39m: MongoDB Quack connected
2024-05-22T06:19:33.993Z [32minfo[39m: Quack server running on port 5001
2024-05-22T06:21:53.129Z [32minfo[39m: SIGTERM signal received: closing HTTP server for realz
2024-05-22T06:21:53.132Z [32minfo[39m: HTTP server closed son
2024-05-22T06:21:53.134Z [32minfo[39m: WebSocket server closed son
2024-05-22T06:21:57.740Z [32minfo[39m: MongoDB Quack connected
2024-05-22T06:21:57.744Z [32minfo[39m: Quack server running on port 5001
2024-05-22T06:22:39.239Z [32minfo[39m: SIGTERM signal received: closing HTTP server for realz
2024-05-22T06:22:39.241Z [32minfo[39m: HTTP server closed son
2024-05-22T06:22:39.242Z [32minfo[39m: WebSocket server closed son
2024-05-22T06:22:43.231Z [32minfo[39m: MongoDB Quack connected
2024-05-22T06:22:43.233Z [32minfo[39m: Quack server running on port 5001
2024-05-22T06:26:53.284Z [32minfo[39m: SIGTERM signal received: closing HTTP server for realz
2024-05-22T06:26:53.287Z [32minfo[39m: HTTP server closed son
2024-05-22T06:26:53.288Z [32minfo[39m: WebSocket server closed son
2024-05-22T06:26:57.287Z [32minfo[39m: MongoDB Quack connected
2024-05-22T06:26:57.290Z [32minfo[39m: Quack server running on port 5001
2024-05-22T06:27:46.478Z [31merror[39m: SyntaxError: Unexpected token } in JSON at position 149
    at JSON.parse (<anonymous>)
    at parse (/Users/mattbirnholtz/Quack/node_modules/body-parser/lib/types/json.js:92:19)
    at /Users/mattbirnholtz/Quack/node_modules/body-parser/lib/read.js:128:18
    at AsyncResource.runInAsyncScope (node:async_hooks:203:9)
    at invokeCallback (/Users/mattbirnholtz/Quack/node_modules/raw-body/index.js:238:16)
    at done (/Users/mattbirnholtz/Quack/node_modules/raw-body/index.js:227:7)
    at IncomingMessage.onEnd (/Users/mattbirnholtz/Quack/node_modules/raw-body/index.js:287:7)
    at IncomingMessage.emit (node:events:513:28)
    at IncomingMessage.emit (node:domain:489:12)
    at endReadableNT (node:internal/streams/readable:1359:12)
2024-05-22T06:27:52.339Z [32minfo[39m: SIGTERM signal received: closing HTTP server for realz
2024-05-22T06:27:55.614Z [32minfo[39m: HTTP server closed son
2024-05-22T06:27:55.621Z [32minfo[39m: WebSocket server closed son
2024-05-22T06:27:55.804Z [32minfo[39m: MongoDB Quack connected
2024-05-22T06:27:55.807Z [32minfo[39m: Quack server running on port 5001
2024-05-22T06:28:22.264Z [32minfo[39m: SIGTERM signal received: closing HTTP server for realz
2024-05-22T06:28:22.266Z [32minfo[39m: HTTP server closed son
2024-05-22T06:28:22.266Z [32minfo[39m: WebSocket server closed son
2024-05-22T06:28:26.073Z [32minfo[39m: MongoDB Quack connected
2024-05-22T06:28:26.079Z [32minfo[39m: Quack server running on port 5001
2024-05-22T06:28:48.841Z [32minfo[39m: SIGTERM signal received: closing HTTP server for realz
2024-05-22T06:28:48.843Z [32minfo[39m: HTTP server closed son
2024-05-22T06:28:48.844Z [32minfo[39m: WebSocket server closed son
2024-05-22T06:28:52.818Z [32minfo[39m: MongoDB Quack connected
2024-05-22T06:28:52.821Z [32minfo[39m: Quack server running on port 5001
2024-05-22T06:31:53.713Z [32minfo[39m: SIGTERM signal received: closing HTTP server for realz
2024-05-22T06:31:53.715Z [32minfo[39m: HTTP server closed son
2024-05-22T06:31:53.718Z [32minfo[39m: WebSocket server closed son
2024-05-22T06:32:02.682Z [32minfo[39m: MongoDB Quack connected
2024-05-22T06:32:02.684Z [32minfo[39m: Quack server running on port 5001
2024-05-22T06:34:42.033Z [32minfo[39m: SIGTERM signal received: closing HTTP server for realz
2024-05-22T06:34:42.040Z [32minfo[39m: HTTP server closed son
2024-05-22T06:34:42.042Z [32minfo[39m: WebSocket server closed son
2024-05-22T06:35:20.242Z [32minfo[39m: MongoDB Quack connected
2024-05-22T06:35:20.246Z [32minfo[39m: Quack server running on port 5001
2024-05-22T06:38:13.722Z [32minfo[39m: SIGTERM signal received: closing HTTP server for realz
2024-05-22T06:38:13.723Z [32minfo[39m: HTTP server closed son
2024-05-22T06:38:13.724Z [32minfo[39m: WebSocket server closed son
2024-05-22T06:38:17.404Z [32minfo[39m: MongoDB Quack connected
2024-05-22T06:38:17.408Z [32minfo[39m: Quack server running on port 5001
2024-05-22T06:41:17.367Z [32minfo[39m: SIGTERM signal received: closing HTTP server for realz
2024-05-22T06:41:17.368Z [32minfo[39m: HTTP server closed son
2024-05-22T06:41:17.369Z [32minfo[39m: WebSocket server closed son
2024-05-22T06:41:22.308Z [32minfo[39m: MongoDB Quack connected
2024-05-22T06:41:22.311Z [32minfo[39m: Quack server running on port 5001
2024-05-22T06:48:01.368Z [32minfo[39m: SIGTERM signal received: closing HTTP server for realz
2024-05-22T06:48:01.371Z [32minfo[39m: HTTP server closed son
2024-05-22T06:48:01.373Z [32minfo[39m: WebSocket server closed son
2024-05-22T06:48:06.749Z [32minfo[39m: MongoDB Quack connected
2024-05-22T06:48:06.757Z [32minfo[39m: Quack server running on port 5001
2024-05-22T06:52:47.524Z [32minfo[39m: SIGTERM signal received: closing HTTP server for realz
2024-05-22T06:52:47.526Z [32minfo[39m: HTTP server closed son
2024-05-22T06:52:47.527Z [32minfo[39m: WebSocket server closed son
2024-05-22T06:59:03.381Z [32minfo[39m: MongoDB Quack connected
2024-05-22T06:59:03.385Z [32minfo[39m: Quack server running on port 5001
2024-05-22T07:22:09.399Z [32minfo[39m: SIGTERM signal received: closing HTTP server for realz
2024-05-22T07:22:09.402Z [32minfo[39m: HTTP server closed son
2024-05-22T07:22:09.404Z [32minfo[39m: WebSocket server closed son
2024-05-22T07:22:09.465Z [32minfo[39m: SIGTERM signal received: closing HTTP server for realz
2024-05-22T07:22:09.466Z [32minfo[39m: HTTP server closed son
2024-05-22T07:22:09.467Z [32minfo[39m: WebSocket server closed son
2024-05-22T07:22:09.491Z [32minfo[39m: SIGTERM signal received: closing HTTP server for realz
2024-05-22T07:22:09.492Z [32minfo[39m: HTTP server closed son
2024-05-22T07:22:09.492Z [32minfo[39m: WebSocket server closed son
2024-05-22T23:01:14.856Z [32minfo[39m: MongoDB Quack connected
2024-05-22T23:01:14.858Z [32minfo[39m: Quack server running on port 5001
2024-05-23T04:22:20.597Z [32minfo[39m: SIGTERM signal received: closing HTTP server for realz
2024-05-23T04:22:20.606Z [32minfo[39m: HTTP server closed son
2024-05-23T04:22:20.614Z [32minfo[39m: WebSocket server closed son
2024-05-23T04:22:40.737Z [32minfo[39m: MongoDB Quack connected
2024-05-23T04:22:40.739Z [32minfo[39m: Quack server running on port 5001
2024-05-23T04:24:00.033Z [32minfo[39m: SIGTERM signal received: closing HTTP server for realz
2024-05-23T04:24:00.034Z [32minfo[39m: HTTP server closed son
2024-05-23T04:24:00.041Z [32minfo[39m: WebSocket server closed son
2024-05-23T04:24:04.129Z [32minfo[39m: MongoDB Quack connected
2024-05-23T04:24:04.137Z [32minfo[39m: Quack server running on port 5001
2024-05-23T04:24:28.172Z [32minfo[39m: SIGTERM signal received: closing HTTP server for realz
2024-05-23T04:24:28.173Z [32minfo[39m: HTTP server closed son
2024-05-23T04:24:28.174Z [32minfo[39m: WebSocket server closed son
2024-05-23T04:24:51.333Z [32minfo[39m: MongoDB Quack connected
2024-05-23T04:24:51.336Z [32minfo[39m: Quack server running on port 5001
2024-05-23T04:25:03.565Z [32minfo[39m: SIGTERM signal received: closing HTTP server for realz
2024-05-23T04:25:03.565Z [32minfo[39m: HTTP server closed son
2024-05-23T04:25:03.565Z [32minfo[39m: WebSocket server closed son
2024-05-23T04:25:07.963Z [32minfo[39m: MongoDB Quack connected
2024-05-23T04:25:07.965Z [32minfo[39m: Quack server running on port 5001
2024-05-23T04:25:35.141Z [32minfo[39m: SIGTERM signal received: closing HTTP server for realz
2024-05-23T04:25:35.142Z [32minfo[39m: HTTP server closed son
2024-05-23T04:25:35.143Z [32minfo[39m: WebSocket server closed son
2024-05-23T04:25:38.508Z [32minfo[39m: MongoDB Quack connected
2024-05-23T04:25:38.509Z [32minfo[39m: Quack server running on port 5001
2024-05-23T04:35:18.521Z [32minfo[39m: SIGTERM signal received: closing HTTP server for realz
2024-05-23T04:35:18.527Z [32minfo[39m: HTTP server closed son
2024-05-23T04:35:18.529Z [32minfo[39m: WebSocket server closed son
2024-05-23T04:37:08.263Z [32minfo[39m: MongoDB Quack connected
2024-05-23T04:37:08.265Z [32minfo[39m: Quack server running on port 5001
2024-05-23T04:38:11.420Z [32minfo[39m: SIGTERM signal received: closing HTTP server for realz
2024-05-23T04:38:11.422Z [32minfo[39m: HTTP server closed son
2024-05-23T04:38:11.423Z [32minfo[39m: WebSocket server closed son
2024-05-23T04:38:30.008Z [32minfo[39m: MongoDB Quack connected
2024-05-23T04:38:30.013Z [32minfo[39m: Quack server running on port 5001
2024-05-23T04:38:54.254Z [32minfo[39m: SIGTERM signal received: closing HTTP server for realz
2024-05-23T04:38:54.255Z [32minfo[39m: HTTP server closed son
2024-05-23T04:38:54.256Z [32minfo[39m: WebSocket server closed son
2024-05-23T04:38:57.726Z [32minfo[39m: MongoDB Quack connected
2024-05-23T04:38:57.746Z [32minfo[39m: Quack server running on port 5001
2024-05-23T04:39:22.846Z [32minfo[39m: SIGTERM signal received: closing HTTP server for realz
2024-05-23T04:39:22.847Z [32minfo[39m: HTTP server closed son
2024-05-23T04:39:22.848Z [32minfo[39m: WebSocket server closed son
2024-05-23T04:39:26.879Z [32minfo[39m: MongoDB Quack connected
2024-05-23T04:39:26.886Z [32minfo[39m: Quack server running on port 5001
2024-05-23T04:39:49.150Z [32minfo[39m: SIGTERM signal received: closing HTTP server for realz
2024-05-23T04:39:49.151Z [32minfo[39m: HTTP server closed son
2024-05-23T04:39:49.152Z [32minfo[39m: WebSocket server closed son
2024-05-23T04:39:52.464Z [32minfo[39m: MongoDB Quack connected
2024-05-23T04:39:52.468Z [32minfo[39m: Quack server running on port 5001
2024-05-23T04:40:05.580Z [32minfo[39m: SIGTERM signal received: closing HTTP server for realz
2024-05-23T04:40:05.582Z [32minfo[39m: HTTP server closed son
2024-05-23T04:40:05.582Z [32minfo[39m: WebSocket server closed son
2024-05-23T04:40:10.115Z [32minfo[39m: MongoDB Quack connected
2024-05-23T04:40:10.124Z [32minfo[39m: Quack server running on port 5001
2024-05-23T04:50:20.557Z [32minfo[39m: SIGTERM signal received: closing HTTP server for realz
2024-05-23T04:50:20.559Z [32minfo[39m: HTTP server closed son
2024-05-23T04:50:20.560Z [32minfo[39m: WebSocket server closed son
2024-05-23T04:50:24.012Z [32minfo[39m: MongoDB Quack connected
2024-05-23T04:50:24.018Z [32minfo[39m: Quack server running on port 5001
2024-05-23T04:51:25.816Z [32minfo[39m: SIGTERM signal received: closing HTTP server for realz
2024-05-23T04:51:25.817Z [32minfo[39m: HTTP server closed son
2024-05-23T04:51:25.818Z [32minfo[39m: WebSocket server closed son
2024-05-23T04:51:29.227Z [32minfo[39m: MongoDB Quack connected
2024-05-23T04:51:29.237Z [32minfo[39m: Quack server running on port 5001
2024-05-23T04:51:44.732Z [32minfo[39m: SIGTERM signal received: closing HTTP server for realz
2024-05-23T04:51:44.742Z [32minfo[39m: HTTP server closed son
2024-05-23T04:51:44.747Z [32minfo[39m: WebSocket server closed son
2024-05-23T04:51:47.879Z [32minfo[39m: MongoDB Quack connected
2024-05-23T04:51:47.883Z [32minfo[39m: Quack server running on port 5001
2024-05-23T04:53:46.387Z [32minfo[39m: SIGTERM signal received: closing HTTP server for realz
2024-05-23T04:53:49.690Z [32minfo[39m: HTTP server closed son
2024-05-23T04:53:49.697Z [32minfo[39m: WebSocket server closed son
2024-05-23T04:53:49.781Z [32minfo[39m: MongoDB Quack connected
2024-05-23T04:53:49.783Z [32minfo[39m: Quack server running on port 5001
2024-05-23T04:54:11.796Z [32minfo[39m: SIGTERM signal received: closing HTTP server for realz
2024-05-23T04:54:11.798Z [32minfo[39m: HTTP server closed son
2024-05-23T04:54:11.799Z [32minfo[39m: WebSocket server closed son
2024-05-23T04:54:27.033Z [32minfo[39m: MongoDB Quack connected
2024-05-23T04:54:27.042Z [32minfo[39m: Quack server running on port 5001
2024-05-23T04:56:21.006Z [32minfo[39m: SIGTERM signal received: closing HTTP server for realz
2024-05-23T04:56:21.007Z [32minfo[39m: HTTP server closed son
2024-05-23T04:56:21.008Z [32minfo[39m: WebSocket server closed son
2024-05-23T04:56:24.156Z [32minfo[39m: MongoDB Quack connected
2024-05-23T04:56:24.158Z [32minfo[39m: Quack server running on port 5001
2024-05-23T04:56:38.129Z [32minfo[39m: SIGTERM signal received: closing HTTP server for realz
2024-05-23T04:56:38.130Z [32minfo[39m: HTTP server closed son
2024-05-23T04:56:38.130Z [32minfo[39m: WebSocket server closed son
2024-05-23T04:56:44.109Z [32minfo[39m: MongoDB Quack connected
2024-05-23T04:56:44.119Z [32minfo[39m: Quack server running on port 5001
2024-05-23T04:56:53.785Z [32minfo[39m: SIGTERM signal received: closing HTTP server for realz
2024-05-23T04:56:53.786Z [32minfo[39m: HTTP server closed son
2024-05-23T04:56:53.786Z [32minfo[39m: WebSocket server closed son
2024-05-23T04:56:57.205Z [32minfo[39m: MongoDB Quack connected
2024-05-23T04:56:57.206Z [32minfo[39m: Quack server running on port 5001
2024-05-23T04:57:08.240Z [32minfo[39m: SIGTERM signal received: closing HTTP server for realz
2024-05-23T04:57:12.028Z [32minfo[39m: MongoDB Quack connected
2024-05-23T04:57:12.033Z [32minfo[39m: Quack server running on port 5001
2024-05-23T04:57:12.294Z [32minfo[39m: HTTP server closed son
2024-05-23T04:57:12.300Z [32minfo[39m: WebSocket server closed son
2024-05-23T04:57:38.996Z [32minfo[39m: SIGTERM signal received: closing HTTP server for realz
2024-05-23T04:57:38.997Z [32minfo[39m: HTTP server closed son
2024-05-23T04:57:38.999Z [32minfo[39m: WebSocket server closed son
2024-05-23T04:59:09.159Z [32minfo[39m: MongoDB Quack connected
2024-05-23T04:59:09.162Z [32minfo[39m: Quack server running on port 5001
2024-05-23T05:00:47.114Z [32minfo[39m: SIGTERM signal received: closing HTTP server for realz
2024-05-23T05:00:47.118Z [32minfo[39m: HTTP server closed son
2024-05-23T05:00:47.121Z [32minfo[39m: WebSocket server closed son
2024-05-23T05:00:50.525Z [32minfo[39m: MongoDB Quack connected
2024-05-23T05:00:50.528Z [32minfo[39m: Quack server running on port 5001
2024-05-23T05:00:50.986Z [32minfo[39m: SIGTERM signal received: closing HTTP server for realz
2024-05-23T05:00:50.987Z [32minfo[39m: HTTP server closed son
2024-05-23T05:00:50.988Z [32minfo[39m: WebSocket server closed son
2024-05-23T05:10:20.516Z [32minfo[39m: MongoDB Quack connected
2024-05-23T05:10:20.521Z [32minfo[39m: Quack server running on port 5001
2024-05-24T02:19:33.530Z [32minfo[39m: SIGTERM signal received: closing HTTP server for realz
2024-05-24T02:19:33.613Z [32minfo[39m: HTTP server closed son
2024-05-24T02:19:33.629Z [32minfo[39m: WebSocket server closed son
